This is pdfTeX, Version 3.1415926-2.4-1.40.13 (MiKTeX 2.9 64-bit) (preloaded format=pdflatex 2013.4.9)  12 APR 2013 21:48
entering extended mode
**final*report.tex
("C:\Users\steven\Documents\university\year 4\major project\final-report\final report.tex"
LaTeX2e <2011/06/27>
Babel <v3.8m> and hyphenation patterns for english, afrikaans, ancientgreek, arabic, armenian, assamese, basque, bengali
, bokmal, bulgarian, catalan, coptic, croatian, czech, danish, dutch, esperanto, estonian, farsi, finnish, french, galic
ian, german, german-x-2012-05-30, greek, gujarati, hindi, hungarian, icelandic, indonesian, interlingua, irish, italian,
 kannada, kurmanji, latin, latvian, lithuanian, malayalam, marathi, mongolian, mongolianlmc, monogreek, ngerman, ngerman
-x-2012-05-30, nynorsk, oriya, panjabi, pinyin, polish, portuguese, romanian, russian, sanskrit, serbian, slovak, sloven
ian, spanish, swedish, swissgerman, tamil, telugu, turkish, turkmen, ukenglish, ukrainian, uppersorbian, usenglishmax, w
elsh, loaded.
("C:\Users\steven\Documents\university\year 4\major project\final-report\dissertation.tex"
("C:\Program Files\MiKTeX 2.9\tex\latex\base\report.cls"
Document Class: report 2007/10/19 v1.4h Standard LaTeX document class
("C:\Program Files\MiKTeX 2.9\tex\latex\base\size11.clo"
File: size11.clo 2007/10/19 v1.4h Standard LaTeX file (size option)
)
\c@part=\count79
\c@chapter=\count80
\c@section=\count81
\c@subsection=\count82
\c@subsubsection=\count83
\c@paragraph=\count84
\c@subparagraph=\count85
\c@figure=\count86
\c@table=\count87
\abovecaptionskip=\skip41
\belowcaptionskip=\skip42
\bibindent=\dimen102
)
("C:\Users\steven\Documents\university\year 4\major project\final-report\mmp.sty"
Package: mmp 

("C:\Program Files\MiKTeX 2.9\tex\latex\graphics\graphicx.sty"
Package: graphicx 1999/02/16 v1.0f Enhanced LaTeX Graphics (DPC,SPQR)

("C:\Program Files\MiKTeX 2.9\tex\latex\graphics\keyval.sty"
Package: keyval 1999/03/16 v1.13 key=value parser (DPC)
\KV@toks@=\toks14
)
("C:\Program Files\MiKTeX 2.9\tex\latex\graphics\graphics.sty"
Package: graphics 2009/02/05 v1.0o Standard LaTeX Graphics (DPC,SPQR)
 ("C:\Program Files\MiKTeX 2.9\tex\latex\graphics\trig.sty"
Package: trig 1999/03/16 v1.09 sin cos tan (DPC)
) ("C:\Program Files\MiKTeX 2.9\tex\latex\00miktex\graphics.cfg"
File: graphics.cfg 2007/01/18 v1.5 graphics configuration of teTeX/TeXLive
)
Package graphics Info: Driver file: pdftex.def on input line 91.

("C:\Program Files\MiKTeX 2.9\tex\latex\pdftex-def\pdftex.def"
File: pdftex.def 2011/05/27 v0.06d Graphics/color for pdfTeX

("C:\Program Files\MiKTeX 2.9\tex\generic\oberdiek\infwarerr.sty"
Package: infwarerr 2010/04/08 v1.3 Providing info/warning/error messages (HO)
)
("C:\Program Files\MiKTeX 2.9\tex\generic\oberdiek\ltxcmds.sty"
Package: ltxcmds 2011/11/09 v1.22 LaTeX kernel commands for general use (HO)
)
\Gread@gobject=\count88
))
\Gin@req@height=\dimen103
\Gin@req@width=\dimen104
)
("C:\Program Files\MiKTeX 2.9\tex\latex\psnfss\palatino.sty"
Package: palatino 2005/04/12 PSNFSS-v9.2a (SPQR) 
) ("C:\Program Files\MiKTeX 2.9\tex\latex\carlisle\plain.sty"
Package: plain 1996/04/22 Plain TeX emulation (DPC)
\tabs@latex=\box26
\tabsyet@latex=\box27
\tabsdone@latex=\box28
) ("C:\Program Files\MiKTeX 2.9\tex\latex\ams\math\amsmath.sty"
Package: amsmath 2000/07/18 v2.13 AMS math features
\@mathmargin=\skip43

For additional information on amsmath, use the `?' option.
("C:\Program Files\MiKTeX 2.9\tex\latex\ams\math\amstext.sty"
Package: amstext 2000/06/29 v2.01
 ("C:\Program Files\MiKTeX 2.9\tex\latex\ams\math\amsgen.sty"
File: amsgen.sty 1999/11/30 v2.0
\@emptytoks=\toks15
\ex@=\dimen105
)) ("C:\Program Files\MiKTeX 2.9\tex\latex\ams\math\amsbsy.sty"
Package: amsbsy 1999/11/29 v1.2d
\pmbraise@=\dimen106
)
("C:\Program Files\MiKTeX 2.9\tex\latex\ams\math\amsopn.sty"
Package: amsopn 1999/12/14 v2.01 operator names
)
\inf@bad=\count89
LaTeX Info: Redefining \frac on input line 211.
\uproot@=\count90
\leftroot@=\count91
LaTeX Info: Redefining \overline on input line 307.
\classnum@=\count92
\DOTSCASE@=\count93
LaTeX Info: Redefining \ldots on input line 379.
LaTeX Info: Redefining \dots on input line 382.
LaTeX Info: Redefining \cdots on input line 467.
\Mathstrutbox@=\box29
\strutbox@=\box30
\big@size=\dimen107
LaTeX Font Info:    Redeclaring font encoding OML on input line 567.
LaTeX Font Info:    Redeclaring font encoding OMS on input line 568.
\macc@depth=\count94
\c@MaxMatrixCols=\count95
\dotsspace@=\muskip10
\c@parentequation=\count96
\dspbrk@lvl=\count97
\tag@help=\toks16
\row@=\count98
\column@=\count99
\maxfields@=\count100
\andhelp@=\toks17
\eqnshift@=\dimen108
\alignsep@=\dimen109
\tagshift@=\dimen110
\tagwidth@=\dimen111
\totwidth@=\dimen112
\lineht@=\dimen113
\@envbody=\toks18
\multlinegap=\skip44
\multlinetaggap=\skip45
\mathdisplay@stack=\toks19
LaTeX Info: Redefining \[ on input line 2666.
LaTeX Info: Redefining \] on input line 2667.
)
("C:\Program Files\MiKTeX 2.9\tex\latex\amsfonts\amsfonts.sty"
Package: amsfonts 2009/06/22 v3.00 Basic AMSFonts support
\symAMSa=\mathgroup4
\symAMSb=\mathgroup5
LaTeX Font Info:    Overwriting math alphabet `\mathfrak' in version `bold'
(Font)                  U/euf/m/n --> U/euf/b/n on input line 96.
)
("C:\Program Files\MiKTeX 2.9\tex\latex\amsfonts\amssymb.sty"
Package: amssymb 2009/06/22 v3.00
)
("C:\Program Files\MiKTeX 2.9\tex\latex\subfigure\subfigure.sty"
Package: subfigure 2002/07/30 v2.1.4 subfigure package
\subfigtopskip=\skip46
\subfigcapskip=\skip47
\subfigcaptopadj=\dimen114
\subfigbottomskip=\skip48
\subfigcapmargin=\dimen115
\subfiglabelskip=\skip49
\c@subfigure=\count101
\c@lofdepth=\count102
\c@subtable=\count103
\c@lotdepth=\count104

****************************************
* Local config file subfigure.cfg used *
****************************************
("C:\Program Files\MiKTeX 2.9\tex\latex\subfigure\subfigure.cfg")
\subfig@top=\skip50
\subfig@bottom=\skip51
)
("C:\Program Files\MiKTeX 2.9\tex\latex\float\float.sty"
Package: float 2001/11/08 v1.3d Float enhancements (AL)
\c@float@type=\count105
\float@exts=\toks20
\float@box=\box31
\@float@everytoks=\toks21
\@floatcapt=\box32
) ("C:\Program Files\MiKTeX 2.9\tex\latex\psnfss\times.sty"
Package: times 2005/04/12 PSNFSS-v9.2a (SPQR) 
)
("C:\Program Files\MiKTeX 2.9\tex\latex\fancyhdr\fancyhdr.sty"
\fancy@headwidth=\skip52
\f@ncyO@elh=\skip53
\f@ncyO@erh=\skip54
\f@ncyO@olh=\skip55
\f@ncyO@orh=\skip56
\f@ncyO@elf=\skip57
\f@ncyO@erf=\skip58
\f@ncyO@olf=\skip59
\f@ncyO@orf=\skip60
)
("C:\Program Files\MiKTeX 2.9\tex\latex\lastpage\lastpage.sty"
Package: lastpage 2013/01/28 v1.2l Refers to last page's name (HMM; JPG)
) ("C:\Program Files\MiKTeX 2.9\tex\latex\ltxmisc\url.sty"
\Urlmuskip=\muskip11
Package: url 2006/04/12  ver 3.3  Verb mode for urls, etc.
)) ("C:\Program Files\MiKTeX 2.9\tex\latex\natbib\natbib.sty"
Package: natbib 2010/09/13 8.31b (PWD, AO)
\bibhang=\skip61
\bibsep=\skip62
LaTeX Info: Redefining \cite on input line 694.
\c@NAT@ctr=\count106
)
("C:\Program Files\MiKTeX 2.9\tex\latex\eurosym\eurosym.sty"
Package: eurosym 1998/08/06 v1.1 European currency symbol ``Euro''
\@eurobox=\box33
)
("C:\Program Files\MiKTeX 2.9\tex\latex\paralist\paralist.sty"
Package: paralist 2002/03/18 v2.3b Extended list environments (BS)
\pltopsep=\skip63
\plpartopsep=\skip64
\plitemsep=\skip65
\plparsep=\skip66
\pl@lab=\toks22
)
("C:\Users\steven\Documents\university\year 4\major project\final-report\final report.aux"
("C:\Users\steven\Documents\university\year 4\major project\final-report\cover.aux")
("C:\Users\steven\Documents\university\year 4\major project\final-report\declaration.aux")
("C:\Users\steven\Documents\university\year 4\major project\final-report\acknowledgements.aux")
("C:\Users\steven\Documents\university\year 4\major project\final-report\abstract.aux")
("C:\Users\steven\Documents\university\year 4\major project\final-report\Chapter1/chapter1.aux")
("C:\Users\steven\Documents\university\year 4\major project\final-report\Chapter2/chapter2.aux")
("C:\Users\steven\Documents\university\year 4\major project\final-report\Chapter3/chapter3.aux")
("C:\Users\steven\Documents\university\year 4\major project\final-report\Chapter4/chapter4.aux")
("C:\Users\steven\Documents\university\year 4\major project\final-report\Chapter5/chapter5.aux")
("C:\Users\steven\Documents\university\year 4\major project\final-report\Chapter6/chapter6.aux")
("C:\Users\steven\Documents\university\year 4\major project\final-report\Appendix1/appendix1.aux")
("C:\Users\steven\Documents\university\year 4\major project\final-report\Appendix2/appendix2.aux"))
LaTeX Font Info:    Checking defaults for OML/cmm/m/it on input line 37.
LaTeX Font Info:    ... okay on input line 37.
LaTeX Font Info:    Checking defaults for T1/cmr/m/n on input line 37.
LaTeX Font Info:    ... okay on input line 37.
LaTeX Font Info:    Checking defaults for OT1/cmr/m/n on input line 37.
LaTeX Font Info:    ... okay on input line 37.
LaTeX Font Info:    Checking defaults for OMS/cmsy/m/n on input line 37.
LaTeX Font Info:    ... okay on input line 37.
LaTeX Font Info:    Checking defaults for OMX/cmex/m/n on input line 37.
LaTeX Font Info:    ... okay on input line 37.
LaTeX Font Info:    Checking defaults for U/cmr/m/n on input line 37.
LaTeX Font Info:    ... okay on input line 37.
LaTeX Font Info:    Try loading font information for OT1+ptm on input line 37.

("C:\Program Files\MiKTeX 2.9\tex\latex\psnfss\ot1ptm.fd"
File: ot1ptm.fd 2001/06/04 font definitions for OT1/ptm.
) ("C:\Program Files\MiKTeX 2.9\tex\context\base\supp-pdf.mkii"
[Loading MPS to PDF converter (version 2006.09.02).]
\scratchcounter=\count107
\scratchdimen=\dimen116
\scratchbox=\box34
\nofMPsegments=\count108
\nofMParguments=\count109
\everyMPshowfont=\toks23
\MPscratchCnt=\count110
\MPscratchDim=\dimen117
\MPnumerator=\count111
\makeMPintoPDFobject=\count112
\everyMPtoPDFconversion=\toks24
)
Package lastpage Info: Please have a look at the pageslts package at
(lastpage)             http://www.ctan.org/tex-archive/ 
(lastpage)             macros/latex/contrib/pageslts/ 
(lastpage)             or
(lastpage)             http://www.ctan.org/tex-archive/ 
(lastpage)             install/macros/latex/contrib/pageslts.tds.zip
(lastpage)             ! on input line 37.
 ("C:\Users\steven\Documents\university\year 4\major project\final-report\cover.tex"
LaTeX Font Info:    Font shape `OT1/ptm/bx/n' in size <14.4> not available
(Font)              Font shape `OT1/ptm/b/n' tried instead on input line 28.
LaTeX Font Info:    Try loading font information for U+msa on input line 28.

("C:\Program Files\MiKTeX 2.9\tex\latex\amsfonts\umsa.fd"
File: umsa.fd 2009/06/22 v3.00 AMS symbols A
)
LaTeX Font Info:    Try loading font information for U+msb on input line 28.
 ("C:\Program Files\MiKTeX 2.9\tex\latex\amsfonts\umsb.fd"
File: umsb.fd 2009/06/22 v3.00 AMS symbols B
)
[0


{C:/ProgramData/MiKTeX/2.9/pdftex/config/pdftex.map}])
("C:\Users\steven\Documents\university\year 4\major project\final-report\declaration.tex"
LaTeX Font Info:    Font shape `OT1/ptm/bx/n' in size <17.28> not available
(Font)              Font shape `OT1/ptm/b/n' tried instead on input line 7.

Underfull \hbox (badness 10000) in paragraph at lines 30--31

 []


Underfull \hbox (badness 10000) in paragraph at lines 33--34

 []


Underfull \hbox (badness 10000) in paragraph at lines 53--54

 []


Underfull \hbox (badness 10000) in paragraph at lines 56--57

 []

) [1


] ("C:\Users\steven\Documents\university\year 4\major project\final-report\acknowledgements.tex") [2


]
("C:\Users\steven\Documents\university\year 4\major project\final-report\abstract.tex"
Underfull \hbox (badness 10000) in paragraph at lines 8--10

 []


Underfull \hbox (badness 10000) in paragraph at lines 11--13

 []


Underfull \hbox (badness 10000) in paragraph at lines 14--16

 []

) [3


] ("C:\Users\steven\Documents\university\year 4\major project\final-report\final report.toc"
LaTeX Font Info:    Font shape `OT1/ptm/bx/n' in size <10.95> not available
(Font)              Font shape `OT1/ptm/b/n' tried instead on input line 1.
)
\tf@toc=\write3
 [1

]
("C:\Users\steven\Documents\university\year 4\major project\final-report\final report.lof")
\tf@lof=\write4
 [2]
("C:\Users\steven\Documents\university\year 4\major project\final-report\final report.lot")
\tf@lot=\write5
 [3]
("C:\Users\steven\Documents\university\year 4\major project\final-report\Chapter1/chapter1.tex"
Chapter 1.
LaTeX Font Info:    Font shape `OT1/ptm/bx/n' in size <20.74> not available
(Font)              Font shape `OT1/ptm/b/n' tried instead on input line 2.
LaTeX Font Info:    Font shape `OT1/ptm/bx/n' in size <24.88> not available
(Font)              Font shape `OT1/ptm/b/n' tried instead on input line 2.
[1



] [2]) [3] ("C:\Users\steven\Documents\university\year 4\major project\final-report\Chapter2/chapter2.tex" [4



]
Chapter 2.
LaTeX Font Info:    Font shape `OT1/ptm/bx/n' in size <12> not available
(Font)              Font shape `OT1/ptm/b/n' tried instead on input line 17.
[5

]) [6] ("C:\Users\steven\Documents\university\year 4\major project\final-report\Chapter3/chapter3.tex"
Chapter 3.
) [7



] ("C:\Users\steven\Documents\university\year 4\major project\final-report\Chapter4/chapter4.tex"
Chapter 4.
) [8



] ("C:\Users\steven\Documents\university\year 4\major project\final-report\Chapter5/chapter5.tex"
Chapter 5.
) [9



] ("C:\Users\steven\Documents\university\year 4\major project\final-report\Chapter6/chapter6.tex"
Chapter 6.
) [10



]
Underfull \vbox (badness 10000) has occurred while \output is active []

 [11


]
("C:\Users\steven\Documents\university\year 4\major project\final-report\Appendix1/appendix1.tex"
Appendix A.
) [12


] ("C:\Users\steven\Documents\university\year 4\major project\final-report\Appendix2/appendix2.tex"
Appendix B.
LaTeX Font Info:    Try loading font information for OT1+pcr on input line 7.
("C:\Program Files\MiKTeX 2.9\tex\latex\psnfss\ot1pcr.fd"
File: ot1pcr.fd 2001/06/04 font definitions for OT1/pcr.
) [13



]
Underfull \vbox (badness 10000) has occurred while \output is active []

 [14]) [15]
("C:\Users\steven\Documents\university\year 4\major project\final-report\final report.bbl"
Underfull \hbox (badness 10000) in paragraph at lines 25--30
\OT1/pcr/m/n/10.95 uk / []dcswww / Dept / Teaching / CourseNotes / current / CS27020 / Lectures /
 []


Underfull \hbox (badness 6268) in paragraph at lines 40--44
[]\OT1/ptm/m/n/10.95 Team, Pro-pel. 2012a (Aug.).  \OT1/ptm/m/it/10.95 Ba-sic re-la-tion-ships\OT1/ptm/m/n/10.95 .  $\OT
1/pcr/m/n/10.95 http : / / propelorm . org /
 []


Underfull \hbox (badness 7796) in paragraph at lines 47--51
[]\OT1/ptm/m/n/10.95 Team, Pro-pel. 2012b (Sept.).  \OT1/ptm/m/it/10.95 Database schema\OT1/ptm/m/n/10.95 .  $\OT1/pcr/m
/n/10.95 http : / / propelorm . org /
 []


Underfull \hbox (badness 4479) in paragraph at lines 68--72
[]\OT1/ptm/m/n/10.95 w3schools.  \OT1/ptm/m/it/10.95 Xslt el-e-ments ref-er-ence\OT1/ptm/m/n/10.95 .  $\OT1/pcr/m/n/10.9
5 http : / / www . w3schools . com / xsl / xsl _
 []

) 
AED: lastpage setting LastPage
[16


] ("C:\Users\steven\Documents\university\year 4\major project\final-report\final report.aux"
("C:\Users\steven\Documents\university\year 4\major project\final-report\cover.aux")
("C:\Users\steven\Documents\university\year 4\major project\final-report\declaration.aux")
("C:\Users\steven\Documents\university\year 4\major project\final-report\acknowledgements.aux")
("C:\Users\steven\Documents\university\year 4\major project\final-report\abstract.aux")
("C:\Users\steven\Documents\university\year 4\major project\final-report\Chapter1/chapter1.aux")
("C:\Users\steven\Documents\university\year 4\major project\final-report\Chapter2/chapter2.aux")
("C:\Users\steven\Documents\university\year 4\major project\final-report\Chapter3/chapter3.aux")
("C:\Users\steven\Documents\university\year 4\major project\final-report\Chapter4/chapter4.aux")
("C:\Users\steven\Documents\university\year 4\major project\final-report\Chapter5/chapter5.aux")
("C:\Users\steven\Documents\university\year 4\major project\final-report\Chapter6/chapter6.aux")
("C:\Users\steven\Documents\university\year 4\major project\final-report\Appendix1/appendix1.aux")
("C:\Users\steven\Documents\university\year 4\major project\final-report\Appendix2/appendix2.aux")) ) ) 
Here is how much of TeX's memory you used:
 3376 strings out of 493921
 49708 string characters out of 3147280
 103146 words of memory out of 3000000
 6499 multiletter control sequences out of 15000+200000
 26122 words of font info for 58 fonts, out of 3000000 for 9000
 841 hyphenation exceptions out of 8191
 36i,11n,45p,940b,405s stack positions out of 5000i,500n,10000p,200000b,50000s
{C:/Program Files
/MiKTeX 2.9/fonts/enc/dvips/fontname/8r.enc}<C:/Program Files/MiKTeX 2.9/fonts/type1/public/amsfonts/cm/cmsy10.pfb><C:/P
rogram Files/MiKTeX 2.9/fonts/type1/public/eurosym/feymr10.pfb><C:/Program Files/MiKTeX 2.9/fonts/type1/urw/courier/ucrr
8a.pfb><C:/Program Files/MiKTeX 2.9/fonts/type1/urw/times/utmb8a.pfb><C:/Program Files/MiKTeX 2.9/fonts/type1/urw/times/
utmr8a.pfb><C:/Program Files/MiKTeX 2.9/fonts/type1/urw/times/utmr8a.pfb><C:/Program Files/MiKTeX 2.9/fonts/type1/urw/ti
mes/utmri8a.pfb>
Output written on "final report.pdf" (23 pages, 131321 bytes).
PDF statistics:
 105 PDF objects out of 1000 (max. 8388607)
 0 named destinations out of 1000 (max. 500000)
 1 words of extra memory for PDF output out of 10000 (max. 10000000)

