\BOOKMARK [0][-]{chapter.1}{Background \046 Objectives}{}% 1
\BOOKMARK [1][-]{section.1.1}{Background}{chapter.1}% 2
\BOOKMARK [1][-]{section.1.2}{Objectives}{chapter.1}% 3
\BOOKMARK [1][-]{section.1.3}{Related Systems}{chapter.1}% 4
\BOOKMARK [0][-]{chapter.2}{Development Process}{}% 5
\BOOKMARK [1][-]{section.2.1}{Process Methodology}{chapter.2}% 6
\BOOKMARK [2][-]{subsection.2.1.1}{Selection}{section.2.1}% 7
\BOOKMARK [2][-]{subsection.2.1.2}{Modifications}{section.2.1}% 8
\BOOKMARK [2][-]{subsection.2.1.3}{Requirements Specification}{section.2.1}% 9
\BOOKMARK [1][-]{section.2.2}{Planning}{chapter.2}% 10
\BOOKMARK [2][-]{subsection.2.2.1}{Release Planning}{section.2.2}% 11
\BOOKMARK [2][-]{subsection.2.2.2}{Iteration Planning}{section.2.2}% 12
\BOOKMARK [1][-]{section.2.3}{Tools}{chapter.2}% 13
\BOOKMARK [0][-]{chapter.3}{Design}{}% 14
\BOOKMARK [1][-]{section.3.1}{Overall Architecture}{chapter.3}% 15
\BOOKMARK [1][-]{section.3.2}{Stories}{chapter.3}% 16
\BOOKMARK [1][-]{section.3.3}{Coding Style}{chapter.3}% 17
\BOOKMARK [2][-]{subsection.3.3.1}{OOP and JavaScript}{section.3.3}% 18
\BOOKMARK [2][-]{subsection.3.3.2}{CoffeeScript}{section.3.3}% 19
\BOOKMARK [1][-]{section.3.4}{Model}{chapter.3}% 20
\BOOKMARK [2][-]{subsection.3.4.1}{Structure}{section.3.4}% 21
\BOOKMARK [2][-]{subsection.3.4.2}{Visibility}{section.3.4}% 22
\BOOKMARK [2][-]{subsection.3.4.3}{Programming Language}{section.3.4}% 23
\BOOKMARK [1][-]{section.3.5}{View}{chapter.3}% 24
\BOOKMARK [2][-]{subsection.3.5.1}{SVG}{section.3.5}% 25
\BOOKMARK [2][-]{subsection.3.5.2}{HTML5 Canvas and HTML}{section.3.5}% 26
\BOOKMARK [1][-]{section.3.6}{Controller and User Interface}{chapter.3}% 27
\BOOKMARK [1][-]{section.3.7}{Other Technology}{chapter.3}% 28
\BOOKMARK [2][-]{subsection.3.7.1}{Adobe Flash}{section.3.7}% 29
\BOOKMARK [2][-]{subsection.3.7.2}{Microsoft Silverlight}{section.3.7}% 30
\BOOKMARK [2][-]{subsection.3.7.3}{Java and JavaFX}{section.3.7}% 31
\BOOKMARK [1][-]{section.3.8}{Other design decisions}{chapter.3}% 32
\BOOKMARK [2][-]{subsection.3.8.1}{Boilerplate}{section.3.8}% 33
\BOOKMARK [0][-]{chapter.4}{Implementation}{}% 34
\BOOKMARK [1][-]{section.4.1}{WWW SQL Designer}{chapter.4}% 35
\BOOKMARK [2][-]{subsection.4.1.1}{XSLT}{section.4.1}% 36
\BOOKMARK [2][-]{subsection.4.1.2}{oz.js Library}{section.4.1}% 37
\BOOKMARK [1][-]{section.4.2}{Propel Designer}{chapter.4}% 38
\BOOKMARK [2][-]{subsection.4.2.1}{CoffeeScript}{section.4.2}% 39
\BOOKMARK [2][-]{subsection.4.2.2}{jQuery and SVG}{section.4.2}% 40
\BOOKMARK [2][-]{subsection.4.2.3}{View jQuery Plug-in}{section.4.2}% 41
\BOOKMARK [2][-]{subsection.4.2.4}{XML}{section.4.2}% 42
\BOOKMARK [2][-]{subsection.4.2.5}{Propel Inheritance}{section.4.2}% 43
\BOOKMARK [2][-]{subsection.4.2.6}{The User Interface}{section.4.2}% 44
\BOOKMARK [0][-]{chapter.5}{Testing}{}% 45
\BOOKMARK [1][-]{section.5.1}{Overall Approach to Testing}{chapter.5}% 46
\BOOKMARK [2][-]{subsection.5.1.1}{Unit Tests}{section.5.1}% 47
\BOOKMARK [2][-]{subsection.5.1.2}{Acceptance Tests}{section.5.1}% 48
\BOOKMARK [1][-]{section.5.2}{Other Testing Methods}{chapter.5}% 49
\BOOKMARK [2][-]{subsection.5.2.1}{Automated Testing}{section.5.2}% 50
\BOOKMARK [2][-]{subsection.5.2.2}{Integration Testing}{section.5.2}% 51
\BOOKMARK [2][-]{subsection.5.2.3}{User Testing}{section.5.2}% 52
\BOOKMARK [2][-]{subsection.5.2.4}{Stress Testing}{section.5.2}% 53
\BOOKMARK [0][-]{chapter.6}{Evaluation}{}% 54
\BOOKMARK [1][-]{section.6.1}{Scope \046 Design Decisions}{chapter.6}% 55
\BOOKMARK [1][-]{section.6.2}{Requirements}{chapter.6}% 56
\BOOKMARK [2][-]{subsection.6.2.1}{Process Methodology}{section.6.2}% 57
\BOOKMARK [1][-]{section.6.3}{Tools}{chapter.6}% 58
\BOOKMARK [1][-]{section.6.4}{Goals \046 Expectations}{chapter.6}% 59
\BOOKMARK [1][-]{section.6.5}{Reflection}{chapter.6}% 60
\BOOKMARK [1][-]{section.6.6}{Summary}{chapter.6}% 61
\BOOKMARK [0][-]{section.6.6}{Appendices}{}% 62
\BOOKMARK [0][-]{appendix.A}{Third-Party Code and Libraries}{}% 63
\BOOKMARK [1][-]{section.A.1}{jQuery}{appendix.A}% 64
\BOOKMARK [1][-]{section.A.2}{Modernizr}{appendix.A}% 65
\BOOKMARK [1][-]{section.A.3}{Twitter Bootstrap}{appendix.A}% 66
\BOOKMARK [1][-]{section.A.4}{JsUnit}{appendix.A}% 67
\BOOKMARK [1][-]{section.A.5}{H5BP \204 HTML5 Boilerplate}{appendix.A}% 68
\BOOKMARK [0][-]{appendix.B}{Code samples}{}% 69
\BOOKMARK [1][-]{section.B.1}{CoffeeScript Class \204 Table}{appendix.B}% 70
\BOOKMARK [1][-]{section.B.2}{CoffeeScript Inheritance \204 jQuery extension}{appendix.B}% 71
\BOOKMARK [0][-]{appendix.C}{Interface Screenshots}{}% 72
\BOOKMARK [0][-]{figure.C.4}{Annotated Bibliography}{}% 73
